<?xml version="1.0" encoding="UTF-8"?>
<testng-results ignored="0" total="1" passed="0" failed="1" skipped="0">
  <reporter-output>
  </reporter-output>
  <suite started-at="2020-07-12T11:17:14 IST" name="Suite" finished-at="2020-07-12T11:17:28 IST" duration-ms="13568">
    <groups>
    </groups>
    <test started-at="2020-07-12T11:17:14 IST" name="Test" finished-at="2020-07-12T11:17:28 IST" duration-ms="13568">
      <class name="com.selenium.insurancecalctest.Motorcycle">
        <test-method is-config="true" signature="setup()[pri:0, instance:com.selenium.insurancecalctest.Motorcycle@6ce139a4]" started-at="2020-07-12T11:17:15 IST" name="setup" finished-at="2020-07-12T11:17:26 IST" duration-ms="11621" status="PASS">
          <reporter-output>
          </reporter-output>
        </test-method> <!-- setup -->
        <test-method signature="calculateInsurnace()[pri:0, instance:com.selenium.insurancecalctest.Motorcycle@6ce139a4]" started-at="2020-07-12T11:17:26 IST" name="calculateInsurnace" finished-at="2020-07-12T11:17:28 IST" duration-ms="1494" status="FAIL">
          <exception class="java.lang.AssertionError">
            <message>
              <![CDATA[Must be a number between 1 and 2000 expected:<dummy> but was:<Error message >]]>
            </message>
            <full-stacktrace>
              <![CDATA[java.lang.AssertionError: Must be a number between 1 and 2000 expected:<dummy> but was:<Error message >
at org.testng.AssertJUnit.assertEquals(AssertJUnit.java:82)
at com.selenium.insurancecalctest.Motorcycle.calculateInsurnace(Motorcycle.java:29)
at java.base/jdk.internal.reflect.NativeMethodAccessorImpl.invoke0(Native Method)
at java.base/jdk.internal.reflect.NativeMethodAccessorImpl.invoke(NativeMethodAccessorImpl.java:62)
at java.base/jdk.internal.reflect.DelegatingMethodAccessorImpl.invoke(DelegatingMethodAccessorImpl.java:43)
at java.base/java.lang.reflect.Method.invoke(Method.java:566)
at org.testng.internal.MethodInvocationHelper.invokeMethod(MethodInvocationHelper.java:133)
at org.testng.internal.TestInvoker.invokeMethod(TestInvoker.java:584)
at org.testng.internal.TestInvoker.invokeTestMethod(TestInvoker.java:172)
at org.testng.internal.MethodRunner.runInSequence(MethodRunner.java:46)
at org.testng.internal.TestInvoker$MethodInvocationAgent.invoke(TestInvoker.java:804)
at org.testng.internal.TestInvoker.invokeTestMethods(TestInvoker.java:145)
at org.testng.internal.TestMethodWorker.invokeTestMethods(TestMethodWorker.java:146)
at org.testng.internal.TestMethodWorker.run(TestMethodWorker.java:128)
at java.base/java.util.ArrayList.forEach(ArrayList.java:1540)
at org.testng.TestRunner.privateRun(TestRunner.java:770)
at org.testng.TestRunner.run(TestRunner.java:591)
at org.testng.SuiteRunner.runTest(SuiteRunner.java:402)
at org.testng.SuiteRunner.runSequentially(SuiteRunner.java:396)
at org.testng.SuiteRunner.privateRun(SuiteRunner.java:355)
at org.testng.SuiteRunner.run(SuiteRunner.java:304)
at org.testng.SuiteRunnerWorker.runSuite(SuiteRunnerWorker.java:53)
at org.testng.SuiteRunnerWorker.run(SuiteRunnerWorker.java:96)
at org.testng.TestNG.runSuitesSequentially(TestNG.java:1180)
at org.testng.TestNG.runSuitesLocally(TestNG.java:1102)
at org.testng.TestNG.runSuites(TestNG.java:1032)
at org.testng.TestNG.run(TestNG.java:1000)
at org.testng.remote.AbstractRemoteTestNG.run(AbstractRemoteTestNG.java:115)
at org.testng.remote.RemoteTestNG.initAndRun(RemoteTestNG.java:251)
at org.testng.remote.RemoteTestNG.main(RemoteTestNG.java:77)
]]>
            </full-stacktrace>
          </exception> <!-- java.lang.AssertionError -->
          <reporter-output>
          </reporter-output>
        </test-method> <!-- calculateInsurnace -->
        <test-method is-config="true" signature="teardown()[pri:0, instance:com.selenium.insurancecalctest.Motorcycle@6ce139a4]" started-at="2020-07-12T11:17:28 IST" name="teardown" finished-at="2020-07-12T11:17:28 IST" duration-ms="70" status="PASS">
          <reporter-output>
          </reporter-output>
        </test-method> <!-- teardown -->
      </class> <!-- com.selenium.insurancecalctest.Motorcycle -->
    </test> <!-- Test -->
  </suite> <!-- Suite -->
</testng-results>
