<?xml version="1.0" encoding="UTF-8"?>
<testng-results ignored="0" total="1" passed="1" failed="0" skipped="0">
  <reporter-output>
  </reporter-output>
  <suite started-at="2020-07-17T17:17:06 IST" name="Default suite" finished-at="2020-07-17T17:17:19 IST" duration-ms="12915">
    <groups>
    </groups>
    <test started-at="2020-07-17T17:17:06 IST" name="Default test" finished-at="2020-07-17T17:17:19 IST" duration-ms="12915">
      <class name="com.selenium.insurancecalctest.EndToEnd">
        <test-method is-config="true" signature="setup()[pri:0, instance:com.selenium.insurancecalctest.EndToEnd@1fe20588]" started-at="2020-07-17T17:17:06 IST" name="setup" finished-at="2020-07-17T17:17:14 IST" duration-ms="8514" status="PASS">
          <reporter-output>
          </reporter-output>
        </test-method> <!-- setup -->
        <test-method signature="insuranceCalculate()[pri:0, instance:com.selenium.insurancecalctest.EndToEnd@1fe20588]" started-at="2020-07-17T17:17:14 IST" name="insuranceCalculate" finished-at="2020-07-17T17:17:19 IST" duration-ms="4378" status="PASS">
          <reporter-output>
          </reporter-output>
        </test-method> <!-- insuranceCalculate -->
        <test-method is-config="true" signature="teardown()[pri:0, instance:com.selenium.insurancecalctest.EndToEnd@1fe20588]" started-at="2020-07-17T17:17:19 IST" name="teardown" finished-at="2020-07-17T17:17:19 IST" duration-ms="0" status="PASS">
          <reporter-output>
          </reporter-output>
        </test-method> <!-- teardown -->
      </class> <!-- com.selenium.insurancecalctest.EndToEnd -->
    </test> <!-- Default test -->
  </suite> <!-- Default suite -->
</testng-results>
